[thomasclapasson.wixsite.com/acceuil.html]
[static.parastorage.com/unpkg/core-js-bundle@3.2.1/minified.js]
[static.parastorage.com/unpkg/focus-within-polyfill@5.0.9/dist/focus-within-polyfill.js]
[backblue.gif]
[fade.gif]
[index.html]
[polyfill.io/v3/polyfill.mind82c.js]
[thomasclapasson.wixsite.com/47b73115.min.css]
[thomasclapasson.wixsite.com/1a3ca2ee.min.css]
[thomasclapasson.wixsite.com/16e44c05.min.css]
[thomasclapasson.wixsite.com/6ac53ab7.min.css]
[thomasclapasson.wixsite.com/02595569.min.css]
[thomasclapasson.wixsite.com/e5861f41.min.css]
[thomasclapasson.wixsite.com/c53e42d7.min.css]
[thomasclapasson.wixsite.com/da6c52cb.min.css]
[thomasclapasson.wixsite.com/3d2759f7.min.css]
[thomasclapasson.wixsite.com/960c3a88.min.css]
[thomasclapasson.wixsite.com/390543ac.min.css]
[thomasclapasson.wixsite.com/2f9aeb85.min.css]
[thomasclapasson.wixsite.com/ad7057f7.min.css]
[thomasclapasson.wixsite.com/7d94280d.min.css]
[thomasclapasson.wixsite.com/f36661fb.min.css]
[thomasclapasson.wixsite.com/aa613bd1.min.css]
[thomasclapasson.wixsite.com/395efea1.min.css]
[thomasclapasson.wixsite.com/6daaad8b.min.css]
[thomasclapasson.wixsite.com/bf91693c.min.css]
[thomasclapasson.wixsite.com/b4ae8803.min.css]
[thomasclapasson.wixsite.com/62ccedec.min.css]
[thomasclapasson.wixsite.com/ae08c227.min.css]
[thomasclapasson.wixsite.com/11f27093.min.css]
[thomasclapasson.wixsite.com/9b155e90.min.css]
[thomasclapasson.wixsite.com/4ec2545d.min.css]
[thomasclapasson.wixsite.com/1bbe301d.min.css]
[thomasclapasson.wixsite.com/e78a13b3.min.css]
[thomasclapasson.wixsite.com/b604fd33.min.css]
[thomasclapasson.wixsite.com/48c6d58d.min.css]
[thomasclapasson.wixsite.com/439c90c8.min.css]
[thomasclapasson.wixsite.com/cd69f57c.min.css]
[thomasclapasson.wixsite.com/bc223d50.min.css]
[thomasclapasson.wixsite.com/bc2466c0.min.css]
[thomasclapasson.wixsite.com/5d7b6bbf.min.css]
[thomasclapasson.wixsite.com/3fdab364.min.css]
[thomasclapasson.wixsite.com/20d93486.min.css]
[thomasclapasson.wixsite.com/9692b4a8.min.css]
[thomasclapasson.wixsite.com/914012ea.min.css]
[thomasclapasson.wixsite.com/ffa0eb8f.min.css]
[thomasclapasson.wixsite.com/fe8be6d6.min.css]
[thomasclapasson.wixsite.com/a28cca36.min.css]
[thomasclapasson.wixsite.com/02b07b80.min.css]
[thomasclapasson.wixsite.com/265e9a4a.min.css]
[thomasclapasson.wixsite.com/ff342417.min.css]
[thomasclapasson.wixsite.com/2a1582d7.min.css]
[thomasclapasson.wixsite.com/eb321d93.min.css]
[thomasclapasson.wixsite.com/06cfef68.min.css]
[thomasclapasson.wixsite.com/49a18e23.min.css]
[thomasclapasson.wixsite.com/2467b183.min.css]
[thomasclapasson.wixsite.com/f9fd7cbe.min.css]
[thomasclapasson.wixsite.com/e142d0f4.min.css]
[thomasclapasson.wixsite.com/96a73741.min.css]
[thomasclapasson.wixsite.com/4c758e80.min.css]
[thomasclapasson.wixsite.com/44b62fdc.min.css]
[thomasclapasson.wixsite.com/7f8c7c3e.min.css]
[thomasclapasson.wixsite.com/fbbc0ea4.min.css]
[thomasclapasson.wixsite.com/5d29307d.min.css]
[thomasclapasson.wixsite.com/85af43ab.min.css]
[thomasclapasson.wixsite.com/7010eb60.min.css]
[thomasclapasson.wixsite.com/2ea14c65.min.css]
[thomasclapasson.wixsite.com/3bc2d49b.min.css]
[thomasclapasson.wixsite.com/2ad73389.min.css]
[thomasclapasson.wixsite.com/b70e763c.min.css]
[thomasclapasson.wixsite.com/faa86952.min.css]
[thomasclapasson.wixsite.com/566bec70.min.css]
[thomasclapasson.wixsite.com/fc40122e.min.css]
[thomasclapasson.wixsite.com/45242c23.min.css]
[thomasclapasson.wixsite.com/0efca64c.min.css]
[thomasclapasson.wixsite.com/42ccdc69.min.css]
[thomasclapasson.wixsite.com/4ea3b970.min.css]
[thomasclapasson.wixsite.com/0ee85551.min.css]
[thomasclapasson.wixsite.com/085f85ee.min.css]
[thomasclapasson.wixsite.com/fc21aae5.min.css]
[thomasclapasson.wixsite.com/641eb53d.min.css]
[thomasclapasson.wixsite.com/cabcae51.min.css]
[thomasclapasson.wixsite.com/b66c178d.min.css]
[thomasclapasson.wixsite.com/c7fdedca.min.css]
[thomasclapasson.wixsite.com/ce9dcea4.min.css]
[thomasclapasson.wixsite.com/bc497b45.min.css]
[thomasclapasson.wixsite.com/2acb415c.min.css]
[thomasclapasson.wixsite.com/7d6cd51b.min.css]
[thomasclapasson.wixsite.com/16e57088.min.css]
[thomasclapasson.wixsite.com/0a1c073a.min.css]
[thomasclapasson.wixsite.com/1ac8fc0f.min.css]
[thomasclapasson.wixsite.com/e5d84163.min.css]
[thomasclapasson.wixsite.com/d5f023bb.min.css]
[thomasclapasson.wixsite.com/d820de38.min.css]
[thomasclapasson.wixsite.com/012dc85e.min.css]
[thomasclapasson.wixsite.com/9d29a199.min.css]
[thomasclapasson.wixsite.com/381ee71b.min.css]
[thomasclapasson.wixsite.com/bf413556.min.css]
[thomasclapasson.wixsite.com/316080a6.min.css]
[thomasclapasson.wixsite.com/51a9742f.min.css]
[thomasclapasson.wixsite.com/bf732f1f.min.css]
[thomasclapasson.wixsite.com/99f4b3eb.min.css]
[thomasclapasson.wixsite.com/a545d558.min.css]
[thomasclapasson.wixsite.com/176e7b44.min.css]
[thomasclapasson.wixsite.com/5346ce3f.min.css]
[thomasclapasson.wixsite.com/f658a9c4.min.css]
[thomasclapasson.wixsite.com/7c9ceb1e.min.67.delayed]
[thomasclapasson.wixsite.com/aa72298b.min.css]
[thomasclapasson.wixsite.com/6ea2cb1c.min.css]
[thomasclapasson.wixsite.com/a9c2732c.min.css]
[thomasclapasson.wixsite.com/93e61b80.min.css]
[thomasclapasson.wixsite.com/4bbd8d4f.min.css]
[thomasclapasson.wixsite.com/f4297adc.min.css]
[thomasclapasson.wixsite.com/f3af5621.min.css]
[thomasclapasson.wixsite.com/23167c06.min.css]
[thomasclapasson.wixsite.com/4c919285.min.css]
[thomasclapasson.wixsite.com/99e902d9.min.css]
[thomasclapasson.wixsite.com/7761d6fc.min.css]
[thomasclapasson.wixsite.com/164e68d9.min.css]
[thomasclapasson.wixsite.com/40e5d5cf.min.css]
[thomasclapasson.wixsite.com/7c602eb2.min.css]
[thomasclapasson.wixsite.com/6b4c7217.min.css]
[thomasclapasson.wixsite.com/5b26625f.min.css]
[thomasclapasson.wixsite.com/2e327647.min.css]
[thomasclapasson.wixsite.com/4a6a7fc9.min.css]
[thomasclapasson.wixsite.com/f52e40aa.min.css]
[thomasclapasson.wixsite.com/f7b42816.min.css]
[thomasclapasson.wixsite.com/8a33f286.min.css]
[thomasclapasson.wixsite.com/a1e4335b.min.css]
[thomasclapasson.wixsite.com/67b7c77e.min.css]
[thomasclapasson.wixsite.com/b8760986.min.css]
[thomasclapasson.wixsite.com/37bd0eeb.min.css]
[thomasclapasson.wixsite.com/8d04f72e.min.css]
[thomasclapasson.wixsite.com/84c587cd.min.css]
[thomasclapasson.wixsite.com/ba7d2620.min.css]
[thomasclapasson.wixsite.com/41f1fa78.min.css]
[thomasclapasson.wixsite.com/3e581339.min.css]
[thomasclapasson.wixsite.com/a2f0f523.min.css]
[thomasclapasson.wixsite.com/86aca973.min.css]
[thomasclapasson.wixsite.com/5d15fffa.min.css]
[thomasclapasson.wixsite.com/8005d5c1.min.css]
[thomasclapasson.wixsite.com/0e20a470.min.css]
[thomasclapasson.wixsite.com/c9b5bd15.min.css]
[thomasclapasson.wixsite.com/8c688a9d.min.css]
[thomasclapasson.wixsite.com/6b1e299b.min.css]
[thomasclapasson.wixsite.com/11d68990.min.css]
[thomasclapasson.wixsite.com/3f166307.min.css]
[thomasclapasson.wixsite.com/1355ec40.min.css]
[thomasclapasson.wixsite.com/48220e7a.min.css]
[thomasclapasson.wixsite.com/eca71e40.min.css]
[thomasclapasson.wixsite.com/024f5250.min.css]
[thomasclapasson.wixsite.com/54e8ad37.min.css]
[thomasclapasson.wixsite.com/c79634ce.min.css]
[thomasclapasson.wixsite.com/036d1c2c.min.css]
[thomasclapasson.wixsite.com/04c30725.min.css]
[thomasclapasson.wixsite.com/685dda1c.min.css]
[thomasclapasson.wixsite.com/ad3a6151.min.css]
[thomasclapasson.wixsite.com/b43bc41a.min.css]
[thomasclapasson.wixsite.com/aff3efe3.min.css]
[thomasclapasson.wixsite.com/44306cc3.min.css]
[thomasclapasson.wixsite.com/f08a1c03.min.css]
[thomasclapasson.wixsite.com/6818c64c.min.css]
[thomasclapasson.wixsite.com/4fa4a352.min.css]
[thomasclapasson.wixsite.com/97d7cd97.min.css]
[thomasclapasson.wixsite.com/a1e76019.min.css]
[thomasclapasson.wixsite.com/b4bc6361.min.css]
[thomasclapasson.wixsite.com/9eed3e82.min.css]
[thomasclapasson.wixsite.com/ce776e38.min.css]
[thomasclapasson.wixsite.com/4a43b954.min.css]
[thomasclapasson.wixsite.com/799d016a.min.css]
[thomasclapasson.wixsite.com/c434348a.min.css]
[thomasclapasson.wixsite.com/4038e1e2.min.css]
[thomasclapasson.wixsite.com/c24f5e69.min.css]
[thomasclapasson.wixsite.com/8ab00128.min.css]
[thomasclapasson.wixsite.com/45eee88d.min.css]
[thomasclapasson.wixsite.com/7df86004.min.css]
[thomasclapasson.wixsite.com/145b5660.min.css]
[thomasclapasson.wixsite.com/3e624017.min.css]
[thomasclapasson.wixsite.com/eb810a4a.min.css]
[thomasclapasson.wixsite.com/81ed76c3.min.css]
[thomasclapasson.wixsite.com/eba33134.min.css]
[thomasclapasson.wixsite.com/d1f9c7e6.min.css]
[thomasclapasson.wixsite.com/34377b4a.min.css]
[thomasclapasson.wixsite.com/dfd14289.min.css]
[thomasclapasson.wixsite.com/b0da3a19.min.css]
[thomasclapasson.wixsite.com/70e8afa8.min.css]
[thomasclapasson.wixsite.com/9c39b1d1.min.css]
[thomasclapasson.wixsite.com/59f9faa0.min.css]
[thomasclapasson.wixsite.com/b92ba9ff.min.css]
[thomasclapasson.wixsite.com/7fca704d.min.css]
[thomasclapasson.wixsite.com/91e61dab.min.css]
[thomasclapasson.wixsite.com/41f245d4.min.css]
[thomasclapasson.wixsite.com/bb16d569.min.css]
[thomasclapasson.wixsite.com/e24e08e7.min.css]
[thomasclapasson.wixsite.com/a86a8070.min.css]
[thomasclapasson.wixsite.com/cdc3c27d.min.css]
[thomasclapasson.wixsite.com/13eb5276.min.css]
[thomasclapasson.wixsite.com/d474bb46.min.css]
[thomasclapasson.wixsite.com/2978359e.min.css]
[thomasclapasson.wixsite.com/4b1f6567.min.css]
[thomasclapasson.wixsite.com/4e6fba8d.min.css]
[thomasclapasson.wixsite.com/883064bf.min.css]
[thomasclapasson.wixsite.com/55fd4990.min.css]
[thomasclapasson.wixsite.com/882dfccd.min.css]
[thomasclapasson.wixsite.com/70efe3c5.min.css]
[thomasclapasson.wixsite.com/6d011635.min.css]
[thomasclapasson.wixsite.com/af38aead.min.cb.delayed]
[thomasclapasson.wixsite.com/39cfb47d.min.css]
[thomasclapasson.wixsite.com/1a1f2ab9.min.css]
[thomasclapasson.wixsite.com/5ed4e092.min.css]
[thomasclapasson.wixsite.com/75512b1a.min.css]
[thomasclapasson.wixsite.com/2a38244f.min.css]
[thomasclapasson.wixsite.com/837e8139.min.css]
[thomasclapasson.wixsite.com/f8ec65c6.min.css]
[thomasclapasson.wixsite.com/913e0517.min.css]
[thomasclapasson.wixsite.com/2ce475e3.min.css]
[thomasclapasson.wixsite.com/96f4b814.min.css]
[thomasclapasson.wixsite.com/efcd8729.min.css]
[thomasclapasson.wixsite.com/0ebb4539.min.css]
[thomasclapasson.wixsite.com/c9371416.min.css]
[thomasclapasson.wixsite.com/84fca3f0.min.css]
[thomasclapasson.wixsite.com/44b60e9d.min.css]
[thomasclapasson.wixsite.com/48e483a5.min.css]
[thomasclapasson.wixsite.com/100a01ba.min.css]
[thomasclapasson.wixsite.com/5a61fee8.min.de.delayed]
[thomasclapasson.wixsite.com/6010b816.min.css]
[thomasclapasson.wixsite.com/99e9084d.min.css]
[thomasclapasson.wixsite.com/39cdb6e7.min.css]
[thomasclapasson.wixsite.com/98f5e34d.min.css]
[thomasclapasson.wixsite.com/4bd62377.min.css]
[thomasclapasson.wixsite.com/f6b4449f.min.css]
[thomasclapasson.wixsite.com/692d3cfd.min.css]
[thomasclapasson.wixsite.com/dda10bbb.min.css]
[thomasclapasson.wixsite.com/826aa068.min.css]
[thomasclapasson.wixsite.com/71561e01.min.css]
[thomasclapasson.wixsite.com/2aa93db9.min.css]
[thomasclapasson.wixsite.com/ac1f0c83.min.css]
[thomasclapasson.wixsite.com/3fc3aa14.min.css]
[thomasclapasson.wixsite.com/eed9660c.min.css]
[thomasclapasson.wixsite.com/e98ddd9c.min.css]
[thomasclapasson.wixsite.com/9f54505f.min.css]
[thomasclapasson.wixsite.com/82a3c6bd.min.css]
[thomasclapasson.wixsite.com/959e5e9e.min.css]
[thomasclapasson.wixsite.com/7ac66a81.min.f2.delayed]
[thomasclapasson.wixsite.com/7f6e9aff.min.css]
[thomasclapasson.wixsite.com/7197ceeb.min.css]
[thomasclapasson.wixsite.com/4d761874.min.css]
[thomasclapasson.wixsite.com/57ee110f.min.css]
[thomasclapasson.wixsite.com/723e4fed.min.css]
[thomasclapasson.wixsite.com/7d0d5475.min.css]
[thomasclapasson.wixsite.com/d9e9ecf4.min.css]
[thomasclapasson.wixsite.com/4d71157d.min.css]
[thomasclapasson.wixsite.com/30611ad6.min.css]
[thomasclapasson.wixsite.com/3107aee2.min.css]
[thomasclapasson.wixsite.com/add763df.min.css]
[thomasclapasson.wixsite.com/20a005d9.min.css]
[thomasclapasson.wixsite.com/f12c724d.min.css]
[thomasclapasson.wixsite.com/b4927ff5.min.css]
[thomasclapasson.wixsite.com/3909a5e0.min.css]
[thomasclapasson.wixsite.com/24ec7215.min.css]
[thomasclapasson.wixsite.com/84b9ce36.min.css]
[thomasclapasson.wixsite.com/c92f4091.min.css]
[thomasclapasson.wixsite.com/e356d735.min.css]
[thomasclapasson.wixsite.com/1fef0d1f.min.css]
[thomasclapasson.wixsite.com/4e9ee1a3.min.css]
[thomasclapasson.wixsite.com/8845e14b.min.css]
[thomasclapasson.wixsite.com/a7d5ac4b.min.css]
[thomasclapasson.wixsite.com/015a530e.min.css]
[thomasclapasson.wixsite.com/b6e3e82f.min.css]
[thomasclapasson.wixsite.com/731d5bce.min.css]
[thomasclapasson.wixsite.com/c61ac2b6.min.css]
[thomasclapasson.wixsite.com/c9d89f77.min.css]
[thomasclapasson.wixsite.com/77753e29.min.css]
[thomasclapasson.wixsite.com/2a3ba4df.min.css]
[thomasclapasson.wixsite.com/1150efce.min.css]
[thomasclapasson.wixsite.com/dbfd66d7.min.css]
[thomasclapasson.wixsite.com/e1813de1.min.css]
[thomasclapasson.wixsite.com/34b72cf9.min.css]
[thomasclapasson.wixsite.com/5d684912.min.css]
[thomasclapasson.wixsite.com/07d43a5b.min.css]
[thomasclapasson.wixsite.com/74e60b57.min.css]
[thomasclapasson.wixsite.com/71b202df.min.css]
[thomasclapasson.wixsite.com/1e24bd4a.min.css]
[thomasclapasson.wixsite.com/d078781b.min.css]
[thomasclapasson.wixsite.com/9a8b46cf.min.css]
[thomasclapasson.wixsite.com/f4071404.min.css]
[thomasclapasson.wixsite.com/a4efbb1a.min.css]
[thomasclapasson.wixsite.com/b69a6dca.min.css]
[thomasclapasson.wixsite.com/a8cea7d1.min.css]
[thomasclapasson.wixsite.com/9b7ffe32.min.css]
[thomasclapasson.wixsite.com/0e2bff6a.min.css]
[thomasclapasson.wixsite.com/8a3174ea.min.css]
[thomasclapasson.wixsite.com/56b396e1.min.css]
[thomasclapasson.wixsite.com/e31c9edb.min.css]
[thomasclapasson.wixsite.com/270ecc94.min.css]
[thomasclapasson.wixsite.com/aae8f9e8.min.css]
[thomasclapasson.wixsite.com/148a549f.min.css]
[thomasclapasson.wixsite.com/243dde79.min.css]
[thomasclapasson.wixsite.com/4b77444e.min.css]
[thomasclapasson.wixsite.com/debda15f.min.css]
[thomasclapasson.wixsite.com/c8e351db.min.css]
[thomasclapasson.wixsite.com/25adc72e.min.css]
[thomasclapasson.wixsite.com/ad3c03fe.min.css]
[thomasclapasson.wixsite.com/696515ba.min.css]
[thomasclapasson.wixsite.com/a01a7ef8.chunk.min.js]
[thomasclapasson.wixsite.com/9d96a8f6.chunk.min.js]
[thomasclapasson.wixsite.com/3387c74f.chunk.min.js]
[thomasclapasson.wixsite.com/29e0d8c8.chunk.min.js]
[thomasclapasson.wixsite.com/rb_wixui.thunderbolt_bootstrap.05091fba.chunk.min.js]
[thomasclapasson.wixsite.com/rb_wixui.thunderbolt_bootstrap-classic.f716bba5.chunk.min.css]
[thomasclapasson.wixsite.com/rb_wixui.thunderbolt_bootstrap-classic.9d96a8f6.chunk.min.js]
[thomasclapasson.wixsite.com/rb_wixui.thunderbolt_bootstrap-responsive.a66c1914.chunk.min.css]
[thomasclapasson.wixsite.com/rb_wixui.thunderbolt_bootstrap-responsive.3387c74f.chunk.min.js]
[thomasclapasson.wixsite.com/rb_wixui.thunderbolt_common-site-members-dialogs.ae7b5c74.chunk.min.css]
[thomasclapasson.wixsite.com/rb_wixui.thunderbolt_common-site-members-dialogs.29e0d8c8.chunk.min.js]
[thomasclapasson.wixsite.com/rb_wixui.corvid_core.fab34652.chunk.min.js]
[thomasclapasson.wixsite.com/rb_wixui.thunderbolt_mobile.eea54e4b.chunk.min.css]
[thomasclapasson.wixsite.com/decodeURIComponent(e]
[browser.sentry-cdn.com/6.13.3/bundle.min.js]
[thomasclapasson.wixsite.com/sitemap.xml]
[thomasclapasson.wixsite.com/feed.xml]
[static.parastorage.com/services/wix-thunderbolt/dist/bootstrap-features.77456289.bundle.min.js]
[static.parastorage.com/services/wix-thunderbolt/dist/main.34bc6271.bundle.min.js]
[static.parastorage.com/unpkg/lodash@4.17.21/lodash.min.js]
[static.parastorage.com/unpkg/react@16.13.1/umd/react.production.min.js]
[static.parastorage.com/services/tag-manager-client/1.427.0/siteTags.bundle.min.js]
[static.parastorage.com/services/wix-perf-measure/1.641.0/wix-perf-measure.bundle.min.js]
[thomasclapasson.wixsite.com/index.html]
[static.parastorage.com/unpkg/react-dom@16.13.1/umd/react-dom.production.min.js]
[thomasclapasson.wixsite.com/version/index.html]
[static.wixstatic.com/media/e1f0ce_7915c7b8812645f4806632f1a3a18056_mv2.jpg/v1/fill/w_480,h_270,al_c,q_80,usm_0.66_1.00_0.01,blur_2,enc_auto/e1f0ce_7915c7b8812645f4806632f1a3a18056_mv2.jpg]
[thomasclapasson.wixsite.com/acceuil/experiences.html]
[thomasclapasson.wixsite.com/acceuil/formations.html]
[static.wixstatic.com/media/e1f0ce_282884d32a2c4c88a6fd82a580299209_mv2.jpg/v1/crop/x_0,y_73,w_600,h_600/fill/w_82,h_82,al_c,q_80,usm_0.66_1.00_0.01,blur_2,enc_auto/download_edited.jpg]
[static.wixstatic.com/media/6ea5b4a88f0b4f91945b40499aa0af00.png/v1/fill/w_25,h_25,al_c,usm_0.66_1.00_0.01,blur_3,enc_auto/6ea5b4a88f0b4f91945b40499aa0af00.png]
[thomasclapasson.wixsite.com/acceuil.html]
[thomasclapasson.wixsite.com/47b73115.min.html]
[thomasclapasson.wixsite.com/1a3ca2ee.min.html]
[thomasclapasson.wixsite.com/16e44c05.min.html]
[thomasclapasson.wixsite.com/6ac53ab7.min.html]
[thomasclapasson.wixsite.com/02595569.min.html]
[thomasclapasson.wixsite.com/e5861f41.min.html]
[thomasclapasson.wixsite.com/c53e42d7.min.html]
[thomasclapasson.wixsite.com/da6c52cb.min.html]
[thomasclapasson.wixsite.com/3d2759f7.min.html]
[thomasclapasson.wixsite.com/960c3a88.min.html]
[thomasclapasson.wixsite.com/390543ac.min.html]
[thomasclapasson.wixsite.com/2f9aeb85.min.html]
[thomasclapasson.wixsite.com/ad7057f7.min.html]
[thomasclapasson.wixsite.com/7d94280d.min.html]
[thomasclapasson.wixsite.com/f36661fb.min.html]
[thomasclapasson.wixsite.com/aa613bd1.min.html]
[thomasclapasson.wixsite.com/395efea1.min.html]
[thomasclapasson.wixsite.com/6daaad8b.min.html]
[thomasclapasson.wixsite.com/bf91693c.min.html]
[thomasclapasson.wixsite.com/b4ae8803.min.html]
[thomasclapasson.wixsite.com/62ccedec.min.html]
[thomasclapasson.wixsite.com/ae08c227.min.html]
[thomasclapasson.wixsite.com/11f27093.min.html]
[thomasclapasson.wixsite.com/9b155e90.min.html]
[thomasclapasson.wixsite.com/4ec2545d.min.html]
[thomasclapasson.wixsite.com/1bbe301d.min.html]
[thomasclapasson.wixsite.com/e78a13b3.min.html]
[thomasclapasson.wixsite.com/b604fd33.min.html]
[thomasclapasson.wixsite.com/48c6d58d.min.html]
[thomasclapasson.wixsite.com/439c90c8.min.html]
[thomasclapasson.wixsite.com/cd69f57c.min.html]
[thomasclapasson.wixsite.com/bc223d50.min.html]
[thomasclapasson.wixsite.com/bc2466c0.min.html]
[thomasclapasson.wixsite.com/5d7b6bbf.min.html]
[thomasclapasson.wixsite.com/3fdab364.min.html]
[thomasclapasson.wixsite.com/20d93486.min.html]
[thomasclapasson.wixsite.com/9692b4a8.min.html]
[thomasclapasson.wixsite.com/914012ea.min.html]
[thomasclapasson.wixsite.com/ffa0eb8f.min.html]
[thomasclapasson.wixsite.com/fe8be6d6.min.html]
[thomasclapasson.wixsite.com/a28cca36.min.html]
[thomasclapasson.wixsite.com/02b07b80.min.html]
[thomasclapasson.wixsite.com/265e9a4a.min.html]
[thomasclapasson.wixsite.com/ff342417.min.html]
[thomasclapasson.wixsite.com/2a1582d7.min.html]
[thomasclapasson.wixsite.com/eb321d93.min.html]
[thomasclapasson.wixsite.com/06cfef68.min.html]
[thomasclapasson.wixsite.com/49a18e23.min.html]
[thomasclapasson.wixsite.com/2467b183.min.html]
[thomasclapasson.wixsite.com/f9fd7cbe.min.html]
[thomasclapasson.wixsite.com/e142d0f4.min.html]
[thomasclapasson.wixsite.com/96a73741.min.html]
[thomasclapasson.wixsite.com/4c758e80.min.html]
[thomasclapasson.wixsite.com/44b62fdc.min.html]
[thomasclapasson.wixsite.com/7f8c7c3e.min.html]
[thomasclapasson.wixsite.com/fbbc0ea4.min.html]
[thomasclapasson.wixsite.com/5d29307d.min.html]
[thomasclapasson.wixsite.com/85af43ab.min.html]
[thomasclapasson.wixsite.com/7010eb60.min.html]
[thomasclapasson.wixsite.com/2ea14c65.min.html]
[thomasclapasson.wixsite.com/3bc2d49b.min.html]
[thomasclapasson.wixsite.com/2ad73389.min.html]
[thomasclapasson.wixsite.com/b70e763c.min.html]
[thomasclapasson.wixsite.com/faa86952.min.html]
[thomasclapasson.wixsite.com/566bec70.min.html]
[thomasclapasson.wixsite.com/fc40122e.min.html]
[thomasclapasson.wixsite.com/45242c23.min.html]
[thomasclapasson.wixsite.com/0efca64c.min.html]
[thomasclapasson.wixsite.com/42ccdc69.min.html]
[thomasclapasson.wixsite.com/4ea3b970.min.html]
[thomasclapasson.wixsite.com/0ee85551.min.html]
[thomasclapasson.wixsite.com/085f85ee.min.html]
[thomasclapasson.wixsite.com/fc21aae5.min.html]
[thomasclapasson.wixsite.com/641eb53d.min.html]
[thomasclapasson.wixsite.com/cabcae51.min.html]
[thomasclapasson.wixsite.com/b66c178d.min.html]
[thomasclapasson.wixsite.com/c7fdedca.min.html]
[thomasclapasson.wixsite.com/ce9dcea4.min.html]
[thomasclapasson.wixsite.com/bc497b45.min.html]
[thomasclapasson.wixsite.com/2acb415c.min.html]
[thomasclapasson.wixsite.com/7d6cd51b.min.html]
[thomasclapasson.wixsite.com/16e57088.min.html]
[thomasclapasson.wixsite.com/0a1c073a.min.html]
[thomasclapasson.wixsite.com/1ac8fc0f.min.html]
[thomasclapasson.wixsite.com/e5d84163.min.html]
[thomasclapasson.wixsite.com/d5f023bb.min.html]
[thomasclapasson.wixsite.com/d820de38.min.html]
[thomasclapasson.wixsite.com/012dc85e.min.html]
[thomasclapasson.wixsite.com/9d29a199.min.html]
[thomasclapasson.wixsite.com/381ee71b.min.html]
[thomasclapasson.wixsite.com/bf413556.min.html]
[thomasclapasson.wixsite.com/316080a6.min.html]
[thomasclapasson.wixsite.com/51a9742f.min.html]
[thomasclapasson.wixsite.com/bf732f1f.min.html]
[thomasclapasson.wixsite.com/99f4b3eb.min.html]
[thomasclapasson.wixsite.com/a545d558.min.html]
[thomasclapasson.wixsite.com/176e7b44.min.html]
[thomasclapasson.wixsite.com/5346ce3f.min.html]
[thomasclapasson.wixsite.com/f658a9c4.min.html]
[thomasclapasson.wixsite.com/7c9ceb1e.min.html]
[thomasclapasson.wixsite.com/aa72298b.min.html]
[thomasclapasson.wixsite.com/6ea2cb1c.min.html]
[thomasclapasson.wixsite.com/a9c2732c.min.html]
[thomasclapasson.wixsite.com/93e61b80.min.html]
[thomasclapasson.wixsite.com/4bbd8d4f.min.html]
[thomasclapasson.wixsite.com/f4297adc.min.html]
[thomasclapasson.wixsite.com/f3af5621.min.html]
[thomasclapasson.wixsite.com/23167c06.min.html]
[thomasclapasson.wixsite.com/4c919285.min.html]
[thomasclapasson.wixsite.com/99e902d9.min.html]
[thomasclapasson.wixsite.com/7761d6fc.min.html]
[thomasclapasson.wixsite.com/164e68d9.min.html]
[thomasclapasson.wixsite.com/40e5d5cf.min.html]
[thomasclapasson.wixsite.com/7c602eb2.min.html]
[thomasclapasson.wixsite.com/6b4c7217.min.html]
[thomasclapasson.wixsite.com/5b26625f.min.html]
[thomasclapasson.wixsite.com/2e327647.min.html]
[thomasclapasson.wixsite.com/4a6a7fc9.min.html]
[thomasclapasson.wixsite.com/f52e40aa.min.html]
[thomasclapasson.wixsite.com/f7b42816.min.html]
[thomasclapasson.wixsite.com/8a33f286.min.html]
[thomasclapasson.wixsite.com/a1e4335b.min.html]
[thomasclapasson.wixsite.com/67b7c77e.min.html]
[thomasclapasson.wixsite.com/b8760986.min.html]
[thomasclapasson.wixsite.com/37bd0eeb.min.html]
[thomasclapasson.wixsite.com/8d04f72e.min.html]
[thomasclapasson.wixsite.com/84c587cd.min.html]
[thomasclapasson.wixsite.com/ba7d2620.min.html]
[thomasclapasson.wixsite.com/41f1fa78.min.html]
[thomasclapasson.wixsite.com/3e581339.min.html]
[thomasclapasson.wixsite.com/a2f0f523.min.html]
[thomasclapasson.wixsite.com/86aca973.min.html]
[thomasclapasson.wixsite.com/5d15fffa.min.html]
[thomasclapasson.wixsite.com/8005d5c1.min.html]
[thomasclapasson.wixsite.com/0e20a470.min.html]
[thomasclapasson.wixsite.com/c9b5bd15.min.html]
[thomasclapasson.wixsite.com/8c688a9d.min.html]
[thomasclapasson.wixsite.com/6b1e299b.min.html]
[thomasclapasson.wixsite.com/11d68990.min.html]
[thomasclapasson.wixsite.com/3f166307.min.html]
[thomasclapasson.wixsite.com/1355ec40.min.html]
[thomasclapasson.wixsite.com/48220e7a.min.html]
[thomasclapasson.wixsite.com/eca71e40.min.html]
[thomasclapasson.wixsite.com/024f5250.min.html]
[thomasclapasson.wixsite.com/54e8ad37.min.html]
[thomasclapasson.wixsite.com/c79634ce.min.html]
[thomasclapasson.wixsite.com/036d1c2c.min.html]
[thomasclapasson.wixsite.com/04c30725.min.html]
[thomasclapasson.wixsite.com/685dda1c.min.html]
[thomasclapasson.wixsite.com/ad3a6151.min.html]
[thomasclapasson.wixsite.com/b43bc41a.min.html]
[thomasclapasson.wixsite.com/aff3efe3.min.html]
[thomasclapasson.wixsite.com/44306cc3.min.html]
[thomasclapasson.wixsite.com/f08a1c03.min.html]
[thomasclapasson.wixsite.com/6818c64c.min.html]
[thomasclapasson.wixsite.com/4fa4a352.min.html]
[thomasclapasson.wixsite.com/97d7cd97.min.html]
[thomasclapasson.wixsite.com/a1e76019.min.html]
[thomasclapasson.wixsite.com/b4bc6361.min.html]
[thomasclapasson.wixsite.com/9eed3e82.min.html]
[thomasclapasson.wixsite.com/ce776e38.min.html]
[thomasclapasson.wixsite.com/4a43b954.min.html]
[thomasclapasson.wixsite.com/799d016a.min.html]
[thomasclapasson.wixsite.com/c434348a.min.html]
[thomasclapasson.wixsite.com/4038e1e2.min.html]
[thomasclapasson.wixsite.com/c24f5e69.min.html]
[thomasclapasson.wixsite.com/8ab00128.min.html]
[thomasclapasson.wixsite.com/45eee88d.min.html]
[thomasclapasson.wixsite.com/7df86004.min.html]
[thomasclapasson.wixsite.com/145b5660.min.html]
[thomasclapasson.wixsite.com/3e624017.min.html]
[thomasclapasson.wixsite.com/eb810a4a.min.html]
[thomasclapasson.wixsite.com/81ed76c3.min.html]
[thomasclapasson.wixsite.com/eba33134.min.html]
[thomasclapasson.wixsite.com/d1f9c7e6.min.html]
[thomasclapasson.wixsite.com/34377b4a.min.html]
[thomasclapasson.wixsite.com/dfd14289.min.html]
[thomasclapasson.wixsite.com/b0da3a19.min.html]
[thomasclapasson.wixsite.com/70e8afa8.min.html]
[thomasclapasson.wixsite.com/9c39b1d1.min.html]
[thomasclapasson.wixsite.com/59f9faa0.min.html]
[thomasclapasson.wixsite.com/b92ba9ff.min.html]
[thomasclapasson.wixsite.com/7fca704d.min.html]
[thomasclapasson.wixsite.com/91e61dab.min.html]
[thomasclapasson.wixsite.com/41f245d4.min.html]
[thomasclapasson.wixsite.com/bb16d569.min.html]
[thomasclapasson.wixsite.com/e24e08e7.min.html]
[thomasclapasson.wixsite.com/a86a8070.min.html]
[thomasclapasson.wixsite.com/cdc3c27d.min.html]
[thomasclapasson.wixsite.com/13eb5276.min.html]
[thomasclapasson.wixsite.com/d474bb46.min.html]
[thomasclapasson.wixsite.com/2978359e.min.html]
[thomasclapasson.wixsite.com/4b1f6567.min.html]
[thomasclapasson.wixsite.com/4e6fba8d.min.html]
[thomasclapasson.wixsite.com/883064bf.min.html]
[thomasclapasson.wixsite.com/55fd4990.min.html]
[thomasclapasson.wixsite.com/882dfccd.min.html]
[thomasclapasson.wixsite.com/70efe3c5.min.html]
[thomasclapasson.wixsite.com/6d011635.min.html]
[thomasclapasson.wixsite.com/af38aead.min.html]
[thomasclapasson.wixsite.com/39cfb47d.min.html]
[thomasclapasson.wixsite.com/1a1f2ab9.min.html]
[thomasclapasson.wixsite.com/5ed4e092.min.html]
[thomasclapasson.wixsite.com/75512b1a.min.html]
[thomasclapasson.wixsite.com/2a38244f.min.html]
[thomasclapasson.wixsite.com/837e8139.min.html]
[thomasclapasson.wixsite.com/f8ec65c6.min.html]
[thomasclapasson.wixsite.com/913e0517.min.html]
[thomasclapasson.wixsite.com/2ce475e3.min.html]
[thomasclapasson.wixsite.com/96f4b814.min.html]
[thomasclapasson.wixsite.com/efcd8729.min.html]
[thomasclapasson.wixsite.com/0ebb4539.min.html]
[thomasclapasson.wixsite.com/c9371416.min.html]
[thomasclapasson.wixsite.com/84fca3f0.min.html]
[thomasclapasson.wixsite.com/44b60e9d.min.html]
[thomasclapasson.wixsite.com/48e483a5.min.html]
[thomasclapasson.wixsite.com/100a01ba.min.html]
[thomasclapasson.wixsite.com/5a61fee8.min.html]
[thomasclapasson.wixsite.com/6010b816.min.html]
[thomasclapasson.wixsite.com/99e9084d.min.html]
[thomasclapasson.wixsite.com/39cdb6e7.min.html]
[thomasclapasson.wixsite.com/98f5e34d.min.html]
[thomasclapasson.wixsite.com/4bd62377.min.html]
[thomasclapasson.wixsite.com/f6b4449f.min.html]
[thomasclapasson.wixsite.com/692d3cfd.min.html]
[thomasclapasson.wixsite.com/dda10bbb.min.html]
[thomasclapasson.wixsite.com/826aa068.min.html]
[thomasclapasson.wixsite.com/71561e01.min.html]
[thomasclapasson.wixsite.com/2aa93db9.min.html]
[thomasclapasson.wixsite.com/ac1f0c83.min.html]
[thomasclapasson.wixsite.com/3fc3aa14.min.html]
[thomasclapasson.wixsite.com/eed9660c.min.html]
[thomasclapasson.wixsite.com/e98ddd9c.min.html]
[thomasclapasson.wixsite.com/9f54505f.min.html]
[thomasclapasson.wixsite.com/82a3c6bd.min.html]
[thomasclapasson.wixsite.com/959e5e9e.min.html]
[thomasclapasson.wixsite.com/7ac66a81.min.html]
[thomasclapasson.wixsite.com/7f6e9aff.min.html]
[thomasclapasson.wixsite.com/7197ceeb.min.html]
[thomasclapasson.wixsite.com/4d761874.min.html]
[thomasclapasson.wixsite.com/57ee110f.min.html]
[thomasclapasson.wixsite.com/723e4fed.min.html]
[thomasclapasson.wixsite.com/7d0d5475.min.html]
[thomasclapasson.wixsite.com/d9e9ecf4.min.html]
[thomasclapasson.wixsite.com/4d71157d.min.html]
[thomasclapasson.wixsite.com/30611ad6.min.html]
[thomasclapasson.wixsite.com/3107aee2.min.html]
[thomasclapasson.wixsite.com/add763df.min.html]
[thomasclapasson.wixsite.com/20a005d9.min.html]
[thomasclapasson.wixsite.com/f12c724d.min.html]
[thomasclapasson.wixsite.com/b4927ff5.min.html]
[thomasclapasson.wixsite.com/3909a5e0.min.html]
[thomasclapasson.wixsite.com/24ec7215.min.html]
[thomasclapasson.wixsite.com/84b9ce36.min.html]
[thomasclapasson.wixsite.com/c92f4091.min.html]
[thomasclapasson.wixsite.com/e356d735.min.html]
[thomasclapasson.wixsite.com/1fef0d1f.min.html]
[thomasclapasson.wixsite.com/4e9ee1a3.min.html]
[thomasclapasson.wixsite.com/8845e14b.min.html]
[thomasclapasson.wixsite.com/a7d5ac4b.min.html]
[thomasclapasson.wixsite.com/015a530e.min.html]
[thomasclapasson.wixsite.com/b6e3e82f.min.html]
[thomasclapasson.wixsite.com/731d5bce.min.html]
[thomasclapasson.wixsite.com/c61ac2b6.min.html]
[thomasclapasson.wixsite.com/c9d89f77.min.html]
[thomasclapasson.wixsite.com/77753e29.min.html]
[thomasclapasson.wixsite.com/2a3ba4df.min.html]
[thomasclapasson.wixsite.com/1150efce.min.html]
[thomasclapasson.wixsite.com/dbfd66d7.min.html]
[thomasclapasson.wixsite.com/e1813de1.min.html]
[thomasclapasson.wixsite.com/34b72cf9.min.html]
[thomasclapasson.wixsite.com/5d684912.min.html]
[thomasclapasson.wixsite.com/07d43a5b.min.html]
[thomasclapasson.wixsite.com/74e60b57.min.html]
[thomasclapasson.wixsite.com/71b202df.min.html]
[thomasclapasson.wixsite.com/1e24bd4a.min.html]
[thomasclapasson.wixsite.com/d078781b.min.html]
[thomasclapasson.wixsite.com/9a8b46cf.min.html]
[thomasclapasson.wixsite.com/f4071404.min.html]
[thomasclapasson.wixsite.com/a4efbb1a.min.html]
[thomasclapasson.wixsite.com/b69a6dca.min.html]
[thomasclapasson.wixsite.com/a8cea7d1.min.html]
[thomasclapasson.wixsite.com/9b7ffe32.min.html]
[thomasclapasson.wixsite.com/0e2bff6a.min.html]
[thomasclapasson.wixsite.com/8a3174ea.min.html]
[thomasclapasson.wixsite.com/56b396e1.min.html]
[thomasclapasson.wixsite.com/e31c9edb.min.html]
[thomasclapasson.wixsite.com/270ecc94.min.html]
[thomasclapasson.wixsite.com/aae8f9e8.min.html]
[thomasclapasson.wixsite.com/148a549f.min.html]
[thomasclapasson.wixsite.com/243dde79.min.html]
[thomasclapasson.wixsite.com/4b77444e.min.html]
[thomasclapasson.wixsite.com/debda15f.min.html]
[thomasclapasson.wixsite.com/c8e351db.min.html]
[thomasclapasson.wixsite.com/25adc72e.min.html]
[thomasclapasson.wixsite.com/ad3c03fe.min.html]
[thomasclapasson.wixsite.com/696515ba.min.html]
[thomasclapasson.wixsite.com/a01a7ef8.chunk.min.html]
[thomasclapasson.wixsite.com/9d96a8f6.chunk.min.html]
[thomasclapasson.wixsite.com/3387c74f.chunk.min.html]
[thomasclapasson.wixsite.com/29e0d8c8.chunk.min.html]
[thomasclapasson.wixsite.com/rb_wixui.thunderbolt_bootstrap.05091fba.chunk.min.html]
[thomasclapasson.wixsite.com/rb_wixui.thunderbolt_bootstrap-classic.f716bba5.chunk.min.html]
[thomasclapasson.wixsite.com/rb_wixui.thunderbolt_bootstrap-classic.9d96a8f6.chunk.min.html]
[thomasclapasson.wixsite.com/rb_wixui.thunderbolt_bootstrap-responsive.a66c1914.chunk.min.html]
[thomasclapasson.wixsite.com/rb_wixui.thunderbolt_bootstrap-responsive.3387c74f.chunk.min.html]
[thomasclapasson.wixsite.com/rb_wixui.thunderbolt_common-site-members-dialogs.ae7b5c74.chunk.min.html]
[thomasclapasson.wixsite.com/rb_wixui.thunderbolt_common-site-members-dialogs.29e0d8c8.chunk.min.html]
[thomasclapasson.wixsite.com/rb_wixui.corvid_core.fab34652.chunk.min.html]
[thomasclapasson.wixsite.com/rb_wixui.thunderbolt_mobile.eea54e4b.chunk.min.html]
[thomasclapasson.wixsite.com/decodeURIComponent(e.html]
[thomasclapasson.wixsite.com/sitemap.html]
[thomasclapasson.wixsite.com/feed.html]
[thomasclapasson.wixsite.com/index.html]
[thomasclapasson.wixsite.com/version/index.html]
[thomasclapasson.wixsite.com/dba31346.min.css]
[thomasclapasson.wixsite.com/acceuil/contact.html]
[thomasclapasson.wixsite.com/acceuil/compétences.html]
[thomasclapasson.wixsite.com/acceuil/1a3ca2ee.min.css]
[thomasclapasson.wixsite.com/acceuil/16e44c05.min.css]
[thomasclapasson.wixsite.com/acceuil/6ac53ab7.min.css]
[thomasclapasson.wixsite.com/acceuil/02595569.min.css]
[thomasclapasson.wixsite.com/acceuil/e5861f41.min.css]
[thomasclapasson.wixsite.com/acceuil/c53e42d7.min.css]
[thomasclapasson.wixsite.com/acceuil/da6c52cb.min.css]
[thomasclapasson.wixsite.com/acceuil/3d2759f7.min.css]
[thomasclapasson.wixsite.com/acceuil/960c3a88.min.css]
[thomasclapasson.wixsite.com/acceuil/390543ac.min.css]
[thomasclapasson.wixsite.com/acceuil/2f9aeb85.min.css]
[thomasclapasson.wixsite.com/acceuil/ad7057f7.min.css]
[thomasclapasson.wixsite.com/acceuil/7d94280d.min.css]
[thomasclapasson.wixsite.com/acceuil/f36661fb.min.css]
[thomasclapasson.wixsite.com/acceuil/aa613bd1.min.css]
[thomasclapasson.wixsite.com/acceuil/395efea1.min.css]
[thomasclapasson.wixsite.com/acceuil/6daaad8b.min.css]
[thomasclapasson.wixsite.com/acceuil/bf91693c.min.css]
[thomasclapasson.wixsite.com/acceuil/b4ae8803.min.css]
[thomasclapasson.wixsite.com/acceuil/62ccedec.min.css]
[thomasclapasson.wixsite.com/acceuil/ae08c227.min.css]
[thomasclapasson.wixsite.com/acceuil/11f27093.min.css]
[thomasclapasson.wixsite.com/acceuil/9b155e90.min.css]
[thomasclapasson.wixsite.com/acceuil/4ec2545d.min.css]
[thomasclapasson.wixsite.com/acceuil/1bbe301d.min.css]
[thomasclapasson.wixsite.com/acceuil/e78a13b3.min.css]
[thomasclapasson.wixsite.com/acceuil/b604fd33.min.css]
[thomasclapasson.wixsite.com/acceuil/48c6d58d.min.css]
[thomasclapasson.wixsite.com/acceuil/439c90c8.min.css]
[thomasclapasson.wixsite.com/acceuil/cd69f57c.min.css]
[thomasclapasson.wixsite.com/acceuil/bc223d50.min.css]
[thomasclapasson.wixsite.com/acceuil/bc2466c0.min.css]
[thomasclapasson.wixsite.com/acceuil/5d7b6bbf.min.css]
[thomasclapasson.wixsite.com/acceuil/3fdab364.min.css]
[thomasclapasson.wixsite.com/acceuil/20d93486.min.css]
[thomasclapasson.wixsite.com/acceuil/9692b4a8.min.css]
[thomasclapasson.wixsite.com/acceuil/914012ea.min.css]
[thomasclapasson.wixsite.com/acceuil/ffa0eb8f.min.css]
[thomasclapasson.wixsite.com/acceuil/fe8be6d6.min.css]
[thomasclapasson.wixsite.com/acceuil/a28cca36.min.css]
[thomasclapasson.wixsite.com/acceuil/02b07b80.min.css]
[thomasclapasson.wixsite.com/acceuil/265e9a4a.min.css]
[thomasclapasson.wixsite.com/acceuil/ff342417.min.css]
[thomasclapasson.wixsite.com/acceuil/2a1582d7.min.css]
[thomasclapasson.wixsite.com/acceuil/eb321d93.min.css]
[thomasclapasson.wixsite.com/acceuil/06cfef68.min.css]
[thomasclapasson.wixsite.com/acceuil/49a18e23.min.css]
[thomasclapasson.wixsite.com/acceuil/2467b183.min.css]
[thomasclapasson.wixsite.com/acceuil/f9fd7cbe.min.css]
[thomasclapasson.wixsite.com/acceuil/e142d0f4.min.css]
[thomasclapasson.wixsite.com/acceuil/96a73741.min.css]
[thomasclapasson.wixsite.com/acceuil/4c758e80.min.css]
[thomasclapasson.wixsite.com/acceuil/44b62fdc.min.css]
[thomasclapasson.wixsite.com/acceuil/7f8c7c3e.min.css]
[thomasclapasson.wixsite.com/acceuil/fbbc0ea4.min.css]
[thomasclapasson.wixsite.com/acceuil/5d29307d.min.css]
[thomasclapasson.wixsite.com/acceuil/85af43ab.min.css]
[thomasclapasson.wixsite.com/acceuil/7010eb60.min.css]
[thomasclapasson.wixsite.com/acceuil/2ea14c65.min.css]
[thomasclapasson.wixsite.com/acceuil/3bc2d49b.min.css]
[thomasclapasson.wixsite.com/acceuil/2ad73389.min.css]
[thomasclapasson.wixsite.com/acceuil/b70e763c.min.css]
[thomasclapasson.wixsite.com/acceuil/faa86952.min.css]
[thomasclapasson.wixsite.com/acceuil/566bec70.min.css]
[thomasclapasson.wixsite.com/acceuil/fc40122e.min.css]
[thomasclapasson.wixsite.com/acceuil/45242c23.min.css]
[thomasclapasson.wixsite.com/acceuil/0efca64c.min.css]
[thomasclapasson.wixsite.com/acceuil/42ccdc69.min.css]
[thomasclapasson.wixsite.com/acceuil/4ea3b970.min.css]
[thomasclapasson.wixsite.com/acceuil/0ee85551.min.css]
[thomasclapasson.wixsite.com/acceuil/085f85ee.min.css]
[thomasclapasson.wixsite.com/acceuil/fc21aae5.min.css]
[thomasclapasson.wixsite.com/acceuil/641eb53d.min.css]
[thomasclapasson.wixsite.com/acceuil/cabcae51.min.css]
[thomasclapasson.wixsite.com/acceuil/b66c178d.min.css]
[thomasclapasson.wixsite.com/acceuil/c7fdedca.min.css]
[thomasclapasson.wixsite.com/acceuil/ce9dcea4.min.css]
[thomasclapasson.wixsite.com/acceuil/bc497b45.min.css]
[thomasclapasson.wixsite.com/acceuil/2acb415c.min.css]
[thomasclapasson.wixsite.com/acceuil/7d6cd51b.min.css]
[thomasclapasson.wixsite.com/acceuil/16e57088.min.css]
[thomasclapasson.wixsite.com/acceuil/0a1c073a.min.css]
[thomasclapasson.wixsite.com/acceuil/1ac8fc0f.min.css]
[thomasclapasson.wixsite.com/acceuil/e5d84163.min.css]
[thomasclapasson.wixsite.com/acceuil/d5f023bb.min.css]
[thomasclapasson.wixsite.com/acceuil/d820de38.min.css]
[thomasclapasson.wixsite.com/acceuil/012dc85e.min.css]
[thomasclapasson.wixsite.com/acceuil/9d29a199.min.css]
[thomasclapasson.wixsite.com/acceuil/381ee71b.min.css]
[thomasclapasson.wixsite.com/acceuil/bf413556.min.css]
[thomasclapasson.wixsite.com/acceuil/316080a6.min.css]
[thomasclapasson.wixsite.com/acceuil/51a9742f.min.css]
[thomasclapasson.wixsite.com/acceuil/bf732f1f.min.css]
[thomasclapasson.wixsite.com/acceuil/99f4b3eb.min.css]
[thomasclapasson.wixsite.com/acceuil/a545d558.min.css]
[thomasclapasson.wixsite.com/acceuil/176e7b44.min.css]
[thomasclapasson.wixsite.com/acceuil/5346ce3f.min.css]
[thomasclapasson.wixsite.com/acceuil/f658a9c4.min.1b0.delayed]
[thomasclapasson.wixsite.com/acceuil/7c9ceb1e.min.css]
[thomasclapasson.wixsite.com/acceuil/aa72298b.min.css]
[thomasclapasson.wixsite.com/acceuil/6ea2cb1c.min.css]
[thomasclapasson.wixsite.com/acceuil/a9c2732c.min.css]
[thomasclapasson.wixsite.com/acceuil/93e61b80.min.css]
[thomasclapasson.wixsite.com/acceuil/4bbd8d4f.min.css]
[thomasclapasson.wixsite.com/acceuil/f4297adc.min.css]
[thomasclapasson.wixsite.com/acceuil/f3af5621.min.css]
[thomasclapasson.wixsite.com/acceuil/23167c06.min.css]
[thomasclapasson.wixsite.com/acceuil/4c919285.min.css]
[thomasclapasson.wixsite.com/acceuil/99e902d9.min.css]
[thomasclapasson.wixsite.com/acceuil/7761d6fc.min.css]
[thomasclapasson.wixsite.com/acceuil/164e68d9.min.css]
[thomasclapasson.wixsite.com/acceuil/40e5d5cf.min.css]
[thomasclapasson.wixsite.com/acceuil/7c602eb2.min.css]
[thomasclapasson.wixsite.com/acceuil/6b4c7217.min.css]
[thomasclapasson.wixsite.com/acceuil/5b26625f.min.css]
[thomasclapasson.wixsite.com/acceuil/2e327647.min.css]
[thomasclapasson.wixsite.com/acceuil/4a6a7fc9.min.css]
[thomasclapasson.wixsite.com/acceuil/f52e40aa.min.css]
[thomasclapasson.wixsite.com/acceuil/f7b42816.min.css]
[thomasclapasson.wixsite.com/acceuil/8a33f286.min.css]
[thomasclapasson.wixsite.com/acceuil/a1e4335b.min.css]
[thomasclapasson.wixsite.com/acceuil/67b7c77e.min.css]
[thomasclapasson.wixsite.com/acceuil/b8760986.min.css]
[thomasclapasson.wixsite.com/acceuil/37bd0eeb.min.css]
[thomasclapasson.wixsite.com/acceuil/8d04f72e.min.css]
[thomasclapasson.wixsite.com/acceuil/84c587cd.min.css]
[thomasclapasson.wixsite.com/acceuil/ba7d2620.min.css]
[thomasclapasson.wixsite.com/acceuil/41f1fa78.min.css]
[thomasclapasson.wixsite.com/acceuil/3e581339.min.css]
[thomasclapasson.wixsite.com/acceuil/a2f0f523.min.css]
[thomasclapasson.wixsite.com/acceuil/86aca973.min.css]
[thomasclapasson.wixsite.com/acceuil/5d15fffa.min.css]
[thomasclapasson.wixsite.com/acceuil/8005d5c1.min.css]
[thomasclapasson.wixsite.com/acceuil/0e20a470.min.css]
[thomasclapasson.wixsite.com/acceuil/c9b5bd15.min.css]
[thomasclapasson.wixsite.com/acceuil/8c688a9d.min.css]
[thomasclapasson.wixsite.com/acceuil/6b1e299b.min.css]
[thomasclapasson.wixsite.com/acceuil/11d68990.min.css]
[thomasclapasson.wixsite.com/acceuil/3f166307.min.css]
[thomasclapasson.wixsite.com/acceuil/1355ec40.min.css]
[thomasclapasson.wixsite.com/acceuil/48220e7a.min.css]
[thomasclapasson.wixsite.com/acceuil/eca71e40.min.css]
[thomasclapasson.wixsite.com/acceuil/024f5250.min.css]
[thomasclapasson.wixsite.com/acceuil/54e8ad37.min.css]
[thomasclapasson.wixsite.com/acceuil/c79634ce.min.css]
[thomasclapasson.wixsite.com/acceuil/036d1c2c.min.css]
[thomasclapasson.wixsite.com/acceuil/04c30725.min.css]
[thomasclapasson.wixsite.com/acceuil/685dda1c.min.css]
[thomasclapasson.wixsite.com/acceuil/ad3a6151.min.css]
[thomasclapasson.wixsite.com/acceuil/b43bc41a.min.css]
[thomasclapasson.wixsite.com/acceuil/aff3efe3.min.css]
[thomasclapasson.wixsite.com/acceuil/44306cc3.min.css]
[thomasclapasson.wixsite.com/acceuil/f08a1c03.min.css]
[thomasclapasson.wixsite.com/acceuil/6818c64c.min.css]
[thomasclapasson.wixsite.com/acceuil/4fa4a352.min.css]
[thomasclapasson.wixsite.com/acceuil/97d7cd97.min.css]
[thomasclapasson.wixsite.com/acceuil/a1e76019.min.css]
[thomasclapasson.wixsite.com/acceuil/b4bc6361.min.css]
[thomasclapasson.wixsite.com/acceuil/9eed3e82.min.css]
[thomasclapasson.wixsite.com/acceuil/ce776e38.min.css]
[thomasclapasson.wixsite.com/acceuil/4a43b954.min.css]
[thomasclapasson.wixsite.com/acceuil/799d016a.min.css]
[thomasclapasson.wixsite.com/acceuil/c434348a.min.css]
[thomasclapasson.wixsite.com/acceuil/4038e1e2.min.css]
[thomasclapasson.wixsite.com/acceuil/c24f5e69.min.css]
[thomasclapasson.wixsite.com/acceuil/8ab00128.min.css]
[thomasclapasson.wixsite.com/acceuil/45eee88d.min.css]
[thomasclapasson.wixsite.com/acceuil/7df86004.min.css]
[thomasclapasson.wixsite.com/acceuil/145b5660.min.css]
[thomasclapasson.wixsite.com/acceuil/3e624017.min.css]
[thomasclapasson.wixsite.com/acceuil/eb810a4a.min.css]
[thomasclapasson.wixsite.com/acceuil/81ed76c3.min.css]
[thomasclapasson.wixsite.com/acceuil/eba33134.min.css]
[thomasclapasson.wixsite.com/acceuil/d1f9c7e6.min.css]
[thomasclapasson.wixsite.com/acceuil/34377b4a.min.css]
[thomasclapasson.wixsite.com/acceuil/dfd14289.min.css]
[thomasclapasson.wixsite.com/acceuil/b0da3a19.min.css]
[thomasclapasson.wixsite.com/acceuil/70e8afa8.min.css]
[thomasclapasson.wixsite.com/acceuil/9c39b1d1.min.css]
[thomasclapasson.wixsite.com/acceuil/59f9faa0.min.css]
[thomasclapasson.wixsite.com/acceuil/b92ba9ff.min.css]
[thomasclapasson.wixsite.com/acceuil/7fca704d.min.css]
[thomasclapasson.wixsite.com/acceuil/91e61dab.min.css]
[thomasclapasson.wixsite.com/acceuil/41f245d4.min.css]
[thomasclapasson.wixsite.com/acceuil/bb16d569.min.css]
[thomasclapasson.wixsite.com/acceuil/e24e08e7.min.css]
[thomasclapasson.wixsite.com/acceuil/a86a8070.min.css]
[thomasclapasson.wixsite.com/acceuil/cdc3c27d.min.css]
[thomasclapasson.wixsite.com/acceuil/13eb5276.min.css]
[thomasclapasson.wixsite.com/acceuil/d474bb46.min.css]
[thomasclapasson.wixsite.com/acceuil/2978359e.min.css]
[thomasclapasson.wixsite.com/acceuil/4b1f6567.min.css]
[thomasclapasson.wixsite.com/acceuil/4e6fba8d.min.css]
[thomasclapasson.wixsite.com/acceuil/883064bf.min.css]
[thomasclapasson.wixsite.com/acceuil/55fd4990.min.css]
[thomasclapasson.wixsite.com/acceuil/882dfccd.min.css]
[thomasclapasson.wixsite.com/acceuil/70efe3c5.min.css]
[thomasclapasson.wixsite.com/acceuil/6d011635.min.214.delayed]
[thomasclapasson.wixsite.com/acceuil/af38aead.min.css]
[thomasclapasson.wixsite.com/acceuil/39cfb47d.min.css]
[thomasclapasson.wixsite.com/acceuil/1a1f2ab9.min.css]
[thomasclapasson.wixsite.com/acceuil/5ed4e092.min.css]
[thomasclapasson.wixsite.com/acceuil/75512b1a.min.css]
[thomasclapasson.wixsite.com/acceuil/2a38244f.min.css]
[thomasclapasson.wixsite.com/acceuil/837e8139.min.css]
[thomasclapasson.wixsite.com/acceuil/f8ec65c6.min.css]
[thomasclapasson.wixsite.com/acceuil/913e0517.min.css]
[thomasclapasson.wixsite.com/acceuil/2ce475e3.min.css]
[thomasclapasson.wixsite.com/acceuil/96f4b814.min.css]
[thomasclapasson.wixsite.com/acceuil/efcd8729.min.css]
[thomasclapasson.wixsite.com/acceuil/0ebb4539.min.css]
[thomasclapasson.wixsite.com/acceuil/c9371416.min.css]
[thomasclapasson.wixsite.com/acceuil/84fca3f0.min.css]
[thomasclapasson.wixsite.com/acceuil/44b60e9d.min.css]
[thomasclapasson.wixsite.com/acceuil/100a01ba.min.226.delayed]
[thomasclapasson.wixsite.com/acceuil/dba31346.min.css]
[thomasclapasson.wixsite.com/acceuil/5a61fee8.min.css]
[thomasclapasson.wixsite.com/acceuil/6010b816.min.css]
[thomasclapasson.wixsite.com/acceuil/99e9084d.min.css]
[thomasclapasson.wixsite.com/acceuil/39cdb6e7.min.css]
[thomasclapasson.wixsite.com/acceuil/98f5e34d.min.css]
[thomasclapasson.wixsite.com/acceuil/4bd62377.min.css]
[thomasclapasson.wixsite.com/acceuil/f6b4449f.min.css]
[thomasclapasson.wixsite.com/acceuil/692d3cfd.min.css]
[thomasclapasson.wixsite.com/acceuil/dda10bbb.min.css]
[thomasclapasson.wixsite.com/acceuil/826aa068.min.css]
[thomasclapasson.wixsite.com/acceuil/71561e01.min.css]
[thomasclapasson.wixsite.com/acceuil/2aa93db9.min.css]
[thomasclapasson.wixsite.com/acceuil/ac1f0c83.min.css]
[thomasclapasson.wixsite.com/acceuil/3fc3aa14.min.css]
[thomasclapasson.wixsite.com/acceuil/eed9660c.min.css]
[thomasclapasson.wixsite.com/acceuil/e98ddd9c.min.css]
[thomasclapasson.wixsite.com/acceuil/9f54505f.min.css]
[thomasclapasson.wixsite.com/acceuil/c6933345.min.23b.delayed]
[thomasclapasson.wixsite.com/acceuil/7ac66a81.min.css]
[thomasclapasson.wixsite.com/acceuil/7f6e9aff.min.css]
[thomasclapasson.wixsite.com/acceuil/7197ceeb.min.css]
[thomasclapasson.wixsite.com/acceuil/4d761874.min.css]
[thomasclapasson.wixsite.com/acceuil/57ee110f.min.css]
[thomasclapasson.wixsite.com/acceuil/723e4fed.min.css]
[thomasclapasson.wixsite.com/acceuil/7d0d5475.min.css]
[thomasclapasson.wixsite.com/acceuil/d9e9ecf4.min.css]
[thomasclapasson.wixsite.com/acceuil/4d71157d.min.css]
[thomasclapasson.wixsite.com/acceuil/30611ad6.min.css]
[thomasclapasson.wixsite.com/acceuil/3107aee2.min.css]
[thomasclapasson.wixsite.com/acceuil/add763df.min.css]
[thomasclapasson.wixsite.com/acceuil/20a005d9.min.css]
[thomasclapasson.wixsite.com/acceuil/f12c724d.min.css]
[thomasclapasson.wixsite.com/acceuil/b4927ff5.min.css]
[thomasclapasson.wixsite.com/acceuil/3909a5e0.min.css]
[thomasclapasson.wixsite.com/acceuil/24ec7215.min.css]
[thomasclapasson.wixsite.com/acceuil/84b9ce36.min.css]
[thomasclapasson.wixsite.com/acceuil/c92f4091.min.css]
[thomasclapasson.wixsite.com/acceuil/e356d735.min.css]
[thomasclapasson.wixsite.com/acceuil/1fef0d1f.min.css]
[thomasclapasson.wixsite.com/acceuil/4e9ee1a3.min.css]
[thomasclapasson.wixsite.com/acceuil/8845e14b.min.css]
[thomasclapasson.wixsite.com/acceuil/a7d5ac4b.min.css]
[thomasclapasson.wixsite.com/acceuil/015a530e.min.css]
[thomasclapasson.wixsite.com/acceuil/b6e3e82f.min.css]
[thomasclapasson.wixsite.com/acceuil/731d5bce.min.css]
[thomasclapasson.wixsite.com/acceuil/c61ac2b6.min.css]
[thomasclapasson.wixsite.com/acceuil/c9d89f77.min.css]
[thomasclapasson.wixsite.com/acceuil/77753e29.min.css]
[thomasclapasson.wixsite.com/acceuil/2a3ba4df.min.css]
[thomasclapasson.wixsite.com/acceuil/1150efce.min.css]
[thomasclapasson.wixsite.com/acceuil/dbfd66d7.min.css]
[thomasclapasson.wixsite.com/acceuil/e1813de1.min.css]
[thomasclapasson.wixsite.com/acceuil/34b72cf9.min.css]
[thomasclapasson.wixsite.com/acceuil/5d684912.min.css]
[thomasclapasson.wixsite.com/acceuil/07d43a5b.min.css]
[thomasclapasson.wixsite.com/acceuil/74e60b57.min.css]
[thomasclapasson.wixsite.com/acceuil/71b202df.min.css]
[thomasclapasson.wixsite.com/acceuil/1e24bd4a.min.css]
[thomasclapasson.wixsite.com/acceuil/d078781b.min.css]
[thomasclapasson.wixsite.com/acceuil/9a8b46cf.min.css]
[thomasclapasson.wixsite.com/acceuil/f4071404.min.css]
[thomasclapasson.wixsite.com/acceuil/a4efbb1a.min.css]
[thomasclapasson.wixsite.com/acceuil/b69a6dca.min.css]
[thomasclapasson.wixsite.com/acceuil/a8cea7d1.min.css]
[thomasclapasson.wixsite.com/acceuil/9b7ffe32.min.css]
[thomasclapasson.wixsite.com/acceuil/0e2bff6a.min.css]
[thomasclapasson.wixsite.com/acceuil/8a3174ea.min.css]
[thomasclapasson.wixsite.com/acceuil/56b396e1.min.css]
[thomasclapasson.wixsite.com/acceuil/e31c9edb.min.css]
[thomasclapasson.wixsite.com/acceuil/270ecc94.min.css]
[thomasclapasson.wixsite.com/acceuil/aae8f9e8.min.css]
[thomasclapasson.wixsite.com/acceuil/148a549f.min.css]
[thomasclapasson.wixsite.com/acceuil/243dde79.min.css]
[thomasclapasson.wixsite.com/acceuil/4b77444e.min.css]
[thomasclapasson.wixsite.com/acceuil/debda15f.min.css]
[thomasclapasson.wixsite.com/acceuil/c8e351db.min.css]
[thomasclapasson.wixsite.com/acceuil/25adc72e.min.css]
[thomasclapasson.wixsite.com/acceuil/ad3c03fe.min.css]
[thomasclapasson.wixsite.com/acceuil/696515ba.min.css]
[thomasclapasson.wixsite.com/acceuil/a01a7ef8.chunk.min.js]
[thomasclapasson.wixsite.com/acceuil/9d96a8f6.chunk.min.js]
[thomasclapasson.wixsite.com/acceuil/3387c74f.chunk.min.js]
[thomasclapasson.wixsite.com/acceuil/29e0d8c8.chunk.min.js]
[thomasclapasson.wixsite.com/acceuil/rb_wixui.thunderbolt_bootstrap.05091fba.chunk.min.js]
[thomasclapasson.wixsite.com/acceuil/rb_wixui.thunderbolt_bootstrap-classic.f716bba5.chunk.min.css]
[thomasclapasson.wixsite.com/acceuil/rb_wixui.thunderbolt_bootstrap-classic.9d96a8f6.chunk.min.js]
[thomasclapasson.wixsite.com/acceuil/rb_wixui.thunderbolt_bootstrap-responsive.a66c1914.chunk.min.css]
[thomasclapasson.wixsite.com/acceuil/rb_wixui.thunderbolt_bootstrap-responsive.3387c74f.chunk.min.js]
[thomasclapasson.wixsite.com/acceuil/rb_wixui.thunderbolt_common-site-members-dialogs.ae7b5c74.chunk.min.css]
[thomasclapasson.wixsite.com/acceuil/rb_wixui.thunderbolt_common-site-members-dialogs.29e0d8c8.chunk.min.js]
[thomasclapasson.wixsite.com/acceuil/rb_wixui.corvid_core.fab34652.chunk.min.js]
[thomasclapasson.wixsite.com/acceuil/rb_wixui.thunderbolt_mobile.eea54e4b.chunk.min.css]
[thomasclapasson.wixsite.com/acceuil/decodeURIComponent(e]
[thomasclapasson.wixsite.com/acceuil/robots.txt]
[thomasclapasson.wixsite.com/acceuil/sitemap.xml]
[thomasclapasson.wixsite.com/acceuil/feed.xml]
[thomasclapasson.wixsite.com/acceuil/experiences.html]
[thomasclapasson.wixsite.com/acceuil/formations.html]
[thomasclapasson.wixsite.com/acceuil/compétences.html]
[thomasclapasson.wixsite.com/acceuil/contact.html]
[thomasclapasson.wixsite.com/dba31346.min.css]
[thomasclapasson.wixsite.com/acceuil/version/index.html]
[thomasclapasson.wixsite.com/acceuil/1a3ca2ee.min.html]
[thomasclapasson.wixsite.com/acceuil/16e44c05.min.html]
[thomasclapasson.wixsite.com/acceuil/6ac53ab7.min.html]
[thomasclapasson.wixsite.com/acceuil/02595569.min.html]
[thomasclapasson.wixsite.com/acceuil/e5861f41.min.html]
[thomasclapasson.wixsite.com/acceuil/c53e42d7.min.html]
[thomasclapasson.wixsite.com/acceuil/da6c52cb.min.html]
[thomasclapasson.wixsite.com/acceuil/3d2759f7.min.html]
[thomasclapasson.wixsite.com/acceuil/960c3a88.min.html]
[thomasclapasson.wixsite.com/acceuil/390543ac.min.html]
[thomasclapasson.wixsite.com/acceuil/2f9aeb85.min.html]
[thomasclapasson.wixsite.com/acceuil/ad7057f7.min.html]
[thomasclapasson.wixsite.com/acceuil/7d94280d.min.html]
[thomasclapasson.wixsite.com/acceuil/f36661fb.min.html]
[thomasclapasson.wixsite.com/acceuil/aa613bd1.min.html]
[thomasclapasson.wixsite.com/acceuil/395efea1.min.html]
[thomasclapasson.wixsite.com/acceuil/6daaad8b.min.html]
[thomasclapasson.wixsite.com/acceuil/bf91693c.min.html]
[thomasclapasson.wixsite.com/acceuil/b4ae8803.min.html]
[thomasclapasson.wixsite.com/acceuil/62ccedec.min.html]
[thomasclapasson.wixsite.com/acceuil/ae08c227.min.html]
[thomasclapasson.wixsite.com/acceuil/11f27093.min.html]
[thomasclapasson.wixsite.com/acceuil/9b155e90.min.html]
[thomasclapasson.wixsite.com/acceuil/4ec2545d.min.html]
[thomasclapasson.wixsite.com/acceuil/1bbe301d.min.html]
[thomasclapasson.wixsite.com/acceuil/e78a13b3.min.html]
[thomasclapasson.wixsite.com/acceuil/b604fd33.min.html]
[thomasclapasson.wixsite.com/acceuil/48c6d58d.min.html]
[thomasclapasson.wixsite.com/acceuil/439c90c8.min.html]
[thomasclapasson.wixsite.com/acceuil/cd69f57c.min.html]
[thomasclapasson.wixsite.com/acceuil/bc223d50.min.html]
[thomasclapasson.wixsite.com/acceuil/bc2466c0.min.html]
[thomasclapasson.wixsite.com/acceuil/5d7b6bbf.min.html]
[thomasclapasson.wixsite.com/acceuil/3fdab364.min.html]
[thomasclapasson.wixsite.com/acceuil/20d93486.min.html]
[thomasclapasson.wixsite.com/acceuil/9692b4a8.min.html]
[thomasclapasson.wixsite.com/acceuil/914012ea.min.html]
[thomasclapasson.wixsite.com/acceuil/ffa0eb8f.min.html]
[thomasclapasson.wixsite.com/acceuil/fe8be6d6.min.html]
[thomasclapasson.wixsite.com/acceuil/a28cca36.min.html]
[thomasclapasson.wixsite.com/acceuil/02b07b80.min.html]
[thomasclapasson.wixsite.com/acceuil/265e9a4a.min.html]
[thomasclapasson.wixsite.com/acceuil/ff342417.min.html]
[thomasclapasson.wixsite.com/acceuil/2a1582d7.min.html]
[thomasclapasson.wixsite.com/acceuil/eb321d93.min.html]
[thomasclapasson.wixsite.com/acceuil/06cfef68.min.html]
[thomasclapasson.wixsite.com/acceuil/49a18e23.min.html]
[thomasclapasson.wixsite.com/acceuil/2467b183.min.html]
[thomasclapasson.wixsite.com/acceuil/f9fd7cbe.min.html]
[thomasclapasson.wixsite.com/acceuil/e142d0f4.min.html]
[thomasclapasson.wixsite.com/acceuil/96a73741.min.html]
[thomasclapasson.wixsite.com/acceuil/4c758e80.min.html]
[thomasclapasson.wixsite.com/acceuil/44b62fdc.min.html]
[thomasclapasson.wixsite.com/acceuil/7f8c7c3e.min.html]
[thomasclapasson.wixsite.com/acceuil/fbbc0ea4.min.html]
[thomasclapasson.wixsite.com/acceuil/5d29307d.min.html]
[thomasclapasson.wixsite.com/acceuil/85af43ab.min.html]
[thomasclapasson.wixsite.com/acceuil/7010eb60.min.html]
[thomasclapasson.wixsite.com/acceuil/2ea14c65.min.html]
[thomasclapasson.wixsite.com/acceuil/3bc2d49b.min.html]
[thomasclapasson.wixsite.com/acceuil/2ad73389.min.html]
[thomasclapasson.wixsite.com/acceuil/b70e763c.min.html]
[thomasclapasson.wixsite.com/acceuil/faa86952.min.html]
[thomasclapasson.wixsite.com/acceuil/566bec70.min.html]
[thomasclapasson.wixsite.com/acceuil/fc40122e.min.html]
[thomasclapasson.wixsite.com/acceuil/45242c23.min.html]
[thomasclapasson.wixsite.com/acceuil/0efca64c.min.html]
[thomasclapasson.wixsite.com/acceuil/42ccdc69.min.html]
[thomasclapasson.wixsite.com/acceuil/4ea3b970.min.html]
[thomasclapasson.wixsite.com/acceuil/0ee85551.min.html]
[thomasclapasson.wixsite.com/acceuil/085f85ee.min.html]
[thomasclapasson.wixsite.com/acceuil/fc21aae5.min.html]
[thomasclapasson.wixsite.com/acceuil/641eb53d.min.html]
[thomasclapasson.wixsite.com/acceuil/cabcae51.min.html]
[thomasclapasson.wixsite.com/acceuil/b66c178d.min.html]
[thomasclapasson.wixsite.com/acceuil/c7fdedca.min.html]
[thomasclapasson.wixsite.com/acceuil/ce9dcea4.min.html]
[thomasclapasson.wixsite.com/acceuil/bc497b45.min.html]
[thomasclapasson.wixsite.com/acceuil/2acb415c.min.html]
[thomasclapasson.wixsite.com/acceuil/7d6cd51b.min.html]
[thomasclapasson.wixsite.com/acceuil/16e57088.min.html]
[thomasclapasson.wixsite.com/acceuil/0a1c073a.min.html]
[thomasclapasson.wixsite.com/acceuil/1ac8fc0f.min.html]
[thomasclapasson.wixsite.com/acceuil/e5d84163.min.html]
[thomasclapasson.wixsite.com/acceuil/d5f023bb.min.html]
[thomasclapasson.wixsite.com/acceuil/d820de38.min.html]
[thomasclapasson.wixsite.com/acceuil/012dc85e.min.html]
[thomasclapasson.wixsite.com/acceuil/9d29a199.min.html]
[thomasclapasson.wixsite.com/acceuil/381ee71b.min.html]
[thomasclapasson.wixsite.com/acceuil/bf413556.min.html]
[thomasclapasson.wixsite.com/acceuil/316080a6.min.html]
[thomasclapasson.wixsite.com/acceuil/51a9742f.min.html]
[thomasclapasson.wixsite.com/acceuil/bf732f1f.min.html]
[thomasclapasson.wixsite.com/acceuil/99f4b3eb.min.html]
[thomasclapasson.wixsite.com/acceuil/a545d558.min.html]
[thomasclapasson.wixsite.com/acceuil/176e7b44.min.html]
[thomasclapasson.wixsite.com/acceuil/5346ce3f.min.html]
[thomasclapasson.wixsite.com/acceuil/f658a9c4.min.html]
[thomasclapasson.wixsite.com/acceuil/7c9ceb1e.min.html]
[thomasclapasson.wixsite.com/acceuil/aa72298b.min.html]
[thomasclapasson.wixsite.com/acceuil/6ea2cb1c.min.html]
[thomasclapasson.wixsite.com/acceuil/a9c2732c.min.html]
[thomasclapasson.wixsite.com/acceuil/93e61b80.min.html]
[thomasclapasson.wixsite.com/acceuil/4bbd8d4f.min.html]
[thomasclapasson.wixsite.com/acceuil/f4297adc.min.html]
[thomasclapasson.wixsite.com/acceuil/f3af5621.min.html]
[thomasclapasson.wixsite.com/acceuil/23167c06.min.html]
[thomasclapasson.wixsite.com/acceuil/4c919285.min.html]
[thomasclapasson.wixsite.com/acceuil/99e902d9.min.html]
[thomasclapasson.wixsite.com/acceuil/7761d6fc.min.html]
[thomasclapasson.wixsite.com/acceuil/164e68d9.min.html]
[thomasclapasson.wixsite.com/acceuil/40e5d5cf.min.html]
[thomasclapasson.wixsite.com/acceuil/7c602eb2.min.html]
[thomasclapasson.wixsite.com/acceuil/6b4c7217.min.html]
[thomasclapasson.wixsite.com/acceuil/5b26625f.min.html]
[thomasclapasson.wixsite.com/acceuil/2e327647.min.html]
[thomasclapasson.wixsite.com/acceuil/4a6a7fc9.min.html]
[thomasclapasson.wixsite.com/acceuil/f52e40aa.min.html]
[thomasclapasson.wixsite.com/acceuil/f7b42816.min.html]
[thomasclapasson.wixsite.com/acceuil/8a33f286.min.html]
[thomasclapasson.wixsite.com/acceuil/a1e4335b.min.html]
[thomasclapasson.wixsite.com/acceuil/67b7c77e.min.html]
[thomasclapasson.wixsite.com/acceuil/b8760986.min.html]
[thomasclapasson.wixsite.com/acceuil/37bd0eeb.min.html]
[thomasclapasson.wixsite.com/acceuil/8d04f72e.min.html]
[thomasclapasson.wixsite.com/acceuil/84c587cd.min.html]
[thomasclapasson.wixsite.com/acceuil/ba7d2620.min.html]
[thomasclapasson.wixsite.com/acceuil/41f1fa78.min.html]
[thomasclapasson.wixsite.com/acceuil/3e581339.min.html]
[thomasclapasson.wixsite.com/acceuil/a2f0f523.min.html]
[thomasclapasson.wixsite.com/acceuil/86aca973.min.html]
[thomasclapasson.wixsite.com/acceuil/5d15fffa.min.html]
[thomasclapasson.wixsite.com/acceuil/8005d5c1.min.html]
[thomasclapasson.wixsite.com/acceuil/0e20a470.min.html]
[thomasclapasson.wixsite.com/acceuil/c9b5bd15.min.html]
[thomasclapasson.wixsite.com/acceuil/8c688a9d.min.html]
[thomasclapasson.wixsite.com/acceuil/6b1e299b.min.html]
[thomasclapasson.wixsite.com/acceuil/11d68990.min.html]
[thomasclapasson.wixsite.com/acceuil/3f166307.min.html]
[thomasclapasson.wixsite.com/acceuil/1355ec40.min.html]
[thomasclapasson.wixsite.com/acceuil/48220e7a.min.html]
[thomasclapasson.wixsite.com/acceuil/eca71e40.min.html]
[thomasclapasson.wixsite.com/acceuil/024f5250.min.html]
[thomasclapasson.wixsite.com/acceuil/54e8ad37.min.html]
[thomasclapasson.wixsite.com/acceuil/c79634ce.min.html]
[thomasclapasson.wixsite.com/acceuil/036d1c2c.min.html]
[thomasclapasson.wixsite.com/acceuil/04c30725.min.html]
[thomasclapasson.wixsite.com/acceuil/685dda1c.min.html]
[thomasclapasson.wixsite.com/acceuil/ad3a6151.min.html]
[thomasclapasson.wixsite.com/acceuil/b43bc41a.min.html]
[thomasclapasson.wixsite.com/acceuil/aff3efe3.min.html]
[thomasclapasson.wixsite.com/acceuil/44306cc3.min.html]
[thomasclapasson.wixsite.com/acceuil/f08a1c03.min.html]
[thomasclapasson.wixsite.com/acceuil/6818c64c.min.html]
[thomasclapasson.wixsite.com/acceuil/4fa4a352.min.html]
[thomasclapasson.wixsite.com/acceuil/97d7cd97.min.html]
[thomasclapasson.wixsite.com/acceuil/a1e76019.min.html]
[thomasclapasson.wixsite.com/acceuil/b4bc6361.min.html]
[thomasclapasson.wixsite.com/acceuil/9eed3e82.min.html]
[thomasclapasson.wixsite.com/acceuil/ce776e38.min.html]
[thomasclapasson.wixsite.com/acceuil/4a43b954.min.html]
[thomasclapasson.wixsite.com/acceuil/799d016a.min.html]
[thomasclapasson.wixsite.com/acceuil/c434348a.min.html]
[thomasclapasson.wixsite.com/acceuil/4038e1e2.min.html]
[thomasclapasson.wixsite.com/acceuil/c24f5e69.min.html]
[thomasclapasson.wixsite.com/acceuil/8ab00128.min.html]
[thomasclapasson.wixsite.com/acceuil/45eee88d.min.html]
[thomasclapasson.wixsite.com/acceuil/7df86004.min.html]
[thomasclapasson.wixsite.com/acceuil/145b5660.min.html]
[thomasclapasson.wixsite.com/acceuil/3e624017.min.html]
[thomasclapasson.wixsite.com/acceuil/eb810a4a.min.html]
[thomasclapasson.wixsite.com/acceuil/81ed76c3.min.html]
[thomasclapasson.wixsite.com/acceuil/eba33134.min.html]
[thomasclapasson.wixsite.com/acceuil/d1f9c7e6.min.html]
[thomasclapasson.wixsite.com/acceuil/34377b4a.min.html]
[thomasclapasson.wixsite.com/acceuil/dfd14289.min.html]
[thomasclapasson.wixsite.com/acceuil/b0da3a19.min.html]
[thomasclapasson.wixsite.com/acceuil/70e8afa8.min.html]
[thomasclapasson.wixsite.com/acceuil/9c39b1d1.min.html]
[thomasclapasson.wixsite.com/acceuil/59f9faa0.min.html]
[thomasclapasson.wixsite.com/acceuil/b92ba9ff.min.html]
[thomasclapasson.wixsite.com/acceuil/7fca704d.min.html]
[thomasclapasson.wixsite.com/acceuil/91e61dab.min.html]
[thomasclapasson.wixsite.com/acceuil/41f245d4.min.html]
[thomasclapasson.wixsite.com/acceuil/bb16d569.min.html]
[thomasclapasson.wixsite.com/acceuil/e24e08e7.min.html]
[thomasclapasson.wixsite.com/acceuil/a86a8070.min.html]
[thomasclapasson.wixsite.com/acceuil/cdc3c27d.min.html]
[thomasclapasson.wixsite.com/acceuil/13eb5276.min.html]
[thomasclapasson.wixsite.com/acceuil/d474bb46.min.html]
[thomasclapasson.wixsite.com/acceuil/2978359e.min.html]
[thomasclapasson.wixsite.com/acceuil/4b1f6567.min.html]
[thomasclapasson.wixsite.com/acceuil/4e6fba8d.min.html]
[thomasclapasson.wixsite.com/acceuil/883064bf.min.html]
[thomasclapasson.wixsite.com/acceuil/55fd4990.min.html]
[thomasclapasson.wixsite.com/acceuil/882dfccd.min.html]
[thomasclapasson.wixsite.com/acceuil/70efe3c5.min.html]
[thomasclapasson.wixsite.com/acceuil/6d011635.min.html]
[thomasclapasson.wixsite.com/acceuil/af38aead.min.html]
[thomasclapasson.wixsite.com/acceuil/39cfb47d.min.html]
[thomasclapasson.wixsite.com/acceuil/1a1f2ab9.min.html]
[thomasclapasson.wixsite.com/acceuil/5ed4e092.min.html]
[thomasclapasson.wixsite.com/acceuil/75512b1a.min.html]
[thomasclapasson.wixsite.com/acceuil/2a38244f.min.html]
[thomasclapasson.wixsite.com/acceuil/837e8139.min.html]
[thomasclapasson.wixsite.com/acceuil/f8ec65c6.min.html]
[thomasclapasson.wixsite.com/acceuil/913e0517.min.html]
[thomasclapasson.wixsite.com/acceuil/2ce475e3.min.html]
[thomasclapasson.wixsite.com/acceuil/96f4b814.min.html]
[thomasclapasson.wixsite.com/acceuil/efcd8729.min.html]
[thomasclapasson.wixsite.com/acceuil/0ebb4539.min.html]
[thomasclapasson.wixsite.com/acceuil/c9371416.min.html]
[thomasclapasson.wixsite.com/acceuil/84fca3f0.min.html]
[thomasclapasson.wixsite.com/acceuil/44b60e9d.min.html]
[thomasclapasson.wixsite.com/c6933345.min.css]
[thomasclapasson.wixsite.com/acceuil/47b73115.min.css]
[thomasclapasson.wixsite.com/acceuil/100a01ba.min.html]
[thomasclapasson.wixsite.com/acceuil/dba31346.min.html]
[thomasclapasson.wixsite.com/acceuil/5a61fee8.min.html]
[thomasclapasson.wixsite.com/acceuil/6010b816.min.html]
[thomasclapasson.wixsite.com/acceuil/99e9084d.min.html]
[thomasclapasson.wixsite.com/acceuil/39cdb6e7.min.html]
[thomasclapasson.wixsite.com/acceuil/98f5e34d.min.html]
[thomasclapasson.wixsite.com/acceuil/4bd62377.min.html]
[thomasclapasson.wixsite.com/acceuil/f6b4449f.min.html]
[thomasclapasson.wixsite.com/acceuil/692d3cfd.min.html]
[thomasclapasson.wixsite.com/acceuil/dda10bbb.min.html]
[thomasclapasson.wixsite.com/acceuil/826aa068.min.html]
[thomasclapasson.wixsite.com/acceuil/71561e01.min.html]
[thomasclapasson.wixsite.com/acceuil/2aa93db9.min.html]
[thomasclapasson.wixsite.com/acceuil/ac1f0c83.min.html]
[thomasclapasson.wixsite.com/acceuil/3fc3aa14.min.html]
[thomasclapasson.wixsite.com/acceuil/eed9660c.min.html]
[thomasclapasson.wixsite.com/acceuil/e98ddd9c.min.html]
[thomasclapasson.wixsite.com/acceuil/9f54505f.min.html]
[thomasclapasson.wixsite.com/acceuil/c6933345.min.html]
[thomasclapasson.wixsite.com/acceuil/7ac66a81.min.html]
[thomasclapasson.wixsite.com/acceuil/7f6e9aff.min.html]
[thomasclapasson.wixsite.com/acceuil/7197ceeb.min.html]
[thomasclapasson.wixsite.com/acceuil/4d761874.min.html]
[thomasclapasson.wixsite.com/acceuil/57ee110f.min.html]
[thomasclapasson.wixsite.com/acceuil/723e4fed.min.html]
[thomasclapasson.wixsite.com/acceuil/7d0d5475.min.html]
[thomasclapasson.wixsite.com/acceuil/d9e9ecf4.min.html]
[thomasclapasson.wixsite.com/acceuil/4d71157d.min.html]
[thomasclapasson.wixsite.com/acceuil/30611ad6.min.html]
[thomasclapasson.wixsite.com/acceuil/3107aee2.min.html]
[thomasclapasson.wixsite.com/acceuil/add763df.min.html]
[thomasclapasson.wixsite.com/acceuil/20a005d9.min.html]
[thomasclapasson.wixsite.com/acceuil/f12c724d.min.html]
[thomasclapasson.wixsite.com/acceuil/b4927ff5.min.html]
[thomasclapasson.wixsite.com/acceuil/3909a5e0.min.html]
[thomasclapasson.wixsite.com/acceuil/24ec7215.min.html]
[thomasclapasson.wixsite.com/acceuil/84b9ce36.min.html]
[thomasclapasson.wixsite.com/acceuil/c92f4091.min.html]
[thomasclapasson.wixsite.com/acceuil/e356d735.min.html]
[thomasclapasson.wixsite.com/acceuil/1fef0d1f.min.html]
[thomasclapasson.wixsite.com/acceuil/4e9ee1a3.min.html]
[thomasclapasson.wixsite.com/acceuil/8845e14b.min.html]
[thomasclapasson.wixsite.com/acceuil/a7d5ac4b.min.html]
[thomasclapasson.wixsite.com/acceuil/015a530e.min.html]
[thomasclapasson.wixsite.com/acceuil/b6e3e82f.min.html]
[thomasclapasson.wixsite.com/acceuil/731d5bce.min.html]
[thomasclapasson.wixsite.com/acceuil/c61ac2b6.min.html]
[thomasclapasson.wixsite.com/acceuil/c9d89f77.min.html]
[thomasclapasson.wixsite.com/acceuil/77753e29.min.html]
[thomasclapasson.wixsite.com/acceuil/2a3ba4df.min.html]
[thomasclapasson.wixsite.com/acceuil/1150efce.min.html]
[thomasclapasson.wixsite.com/acceuil/dbfd66d7.min.html]
[thomasclapasson.wixsite.com/acceuil/e1813de1.min.html]
[thomasclapasson.wixsite.com/acceuil/34b72cf9.min.html]
[thomasclapasson.wixsite.com/acceuil/5d684912.min.html]
[thomasclapasson.wixsite.com/acceuil/07d43a5b.min.html]
[thomasclapasson.wixsite.com/acceuil/74e60b57.min.html]
[thomasclapasson.wixsite.com/acceuil/71b202df.min.html]
[thomasclapasson.wixsite.com/acceuil/1e24bd4a.min.html]
[thomasclapasson.wixsite.com/acceuil/d078781b.min.html]
[thomasclapasson.wixsite.com/acceuil/9a8b46cf.min.html]
[thomasclapasson.wixsite.com/acceuil/f4071404.min.html]
[thomasclapasson.wixsite.com/acceuil/a4efbb1a.min.html]
[thomasclapasson.wixsite.com/acceuil/b69a6dca.min.html]
[thomasclapasson.wixsite.com/acceuil/a8cea7d1.min.html]
[thomasclapasson.wixsite.com/acceuil/9b7ffe32.min.html]
[thomasclapasson.wixsite.com/acceuil/0e2bff6a.min.html]
[thomasclapasson.wixsite.com/acceuil/8a3174ea.min.html]
[thomasclapasson.wixsite.com/acceuil/56b396e1.min.html]
[thomasclapasson.wixsite.com/acceuil/e31c9edb.min.html]
[thomasclapasson.wixsite.com/acceuil/270ecc94.min.html]
[thomasclapasson.wixsite.com/acceuil/aae8f9e8.min.html]
[thomasclapasson.wixsite.com/acceuil/148a549f.min.html]
[thomasclapasson.wixsite.com/acceuil/243dde79.min.html]
[thomasclapasson.wixsite.com/acceuil/4b77444e.min.html]
[thomasclapasson.wixsite.com/acceuil/debda15f.min.html]
[thomasclapasson.wixsite.com/acceuil/c8e351db.min.html]
[thomasclapasson.wixsite.com/acceuil/25adc72e.min.html]
[thomasclapasson.wixsite.com/acceuil/ad3c03fe.min.html]
[thomasclapasson.wixsite.com/acceuil/696515ba.min.html]
[thomasclapasson.wixsite.com/acceuil/a01a7ef8.chunk.min.html]
[thomasclapasson.wixsite.com/acceuil/9d96a8f6.chunk.min.html]
[thomasclapasson.wixsite.com/acceuil/3387c74f.chunk.min.html]
[thomasclapasson.wixsite.com/acceuil/29e0d8c8.chunk.min.html]
[thomasclapasson.wixsite.com/acceuil/rb_wixui.thunderbolt_bootstrap.05091fba.chunk.min.html]
[thomasclapasson.wixsite.com/acceuil/rb_wixui.thunderbolt_bootstrap-classic.f716bba5.chunk.min.html]
[thomasclapasson.wixsite.com/acceuil/rb_wixui.thunderbolt_bootstrap-classic.9d96a8f6.chunk.min.html]
[thomasclapasson.wixsite.com/acceuil/rb_wixui.thunderbolt_bootstrap-responsive.a66c1914.chunk.min.html]
[thomasclapasson.wixsite.com/acceuil/rb_wixui.thunderbolt_bootstrap-responsive.3387c74f.chunk.min.html]
[thomasclapasson.wixsite.com/acceuil/rb_wixui.thunderbolt_common-site-members-dialogs.ae7b5c74.chunk.min.html]
[thomasclapasson.wixsite.com/acceuil/rb_wixui.thunderbolt_common-site-members-dialogs.29e0d8c8.chunk.min.html]
[thomasclapasson.wixsite.com/acceuil/rb_wixui.corvid_core.fab34652.chunk.min.html]
[thomasclapasson.wixsite.com/acceuil/rb_wixui.thunderbolt_mobile.eea54e4b.chunk.min.html]
[thomasclapasson.wixsite.com/acceuil/decodeURIComponent(e.html]
[thomasclapasson.wixsite.com/acceuil/robots.html]
[thomasclapasson.wixsite.com/acceuil/feed.html]
[thomasclapasson.wixsite.com/acceuil/48e483a5.min.css]
[static.parastorage.com/services/wix-thunderbolt/dist/bootstrap-features.2a4b7cf7.bundle.min.js]
[thomasclapasson.wixsite.com/acceuil/version/index.html]
[thomasclapasson.wixsite.com/c6933345.min.css]
[thomasclapasson.wixsite.com/acceuil/47b73115.min.css]
[thomasclapasson.wixsite.com/acceuil/48e483a5.min.css]
[thomasclapasson.wixsite.com/acceuil/959e5e9e.min.css]
[thomasclapasson.wixsite.com/acceuil/959e5e9e.min.css]
[thomasclapasson.wixsite.com/acceuil/82a3c6bd.min.css]
[thomasclapasson.wixsite.com/acceuil/82a3c6bd.min.css]
